# JRE version: OpenJDK Runtime Environment (11.0.11+9) (build 11.0.11+9-b60-7590822)
# Java VM: OpenJDK 64-Bit Server VM (11.0.11+9-b60-7590822, mixed mode, tiered, compressed oops, g1 gc, windows-amd64)
Heap:
 garbage-first heap   total 300032K, used 145598K [0x0000000080000000, 0x0000000100000000)
  region size 1024K, 44 young (45056K), 8 survivors (8192K)
 Metaspace       used 99642K, capacity 102260K, committed 102512K, reserved 1138688K
  class space    used 12864K, capacity 13846K, committed 13900K, reserved 1048576K
GC Heap History (20 events):
Event: 11.174 GC heap before
{Heap before GC invocations=31 (full 0):
 garbage-first heap   total 115712K, used 97920K [0x0000000080000000, 0x0000000100000000)
  region size 1024K, 25 young (25600K), 3 survivors (3072K)
 Metaspace       used 81737K, capacity 83571K, committed 83696K, reserved 1122304K
  class space    used 10648K, capacity 11364K, committed 11468K, reserved 1048576K
}
Event: 11.180 GC heap after
{Heap after GC invocations=32 (full 0):
 garbage-first heap   total 139264K, used 77144K [0x0000000080000000, 0x0000000100000000)
  region size 1024K, 3 young (3072K), 3 survivors (3072K)
 Metaspace       used 81737K, capacity 83571K, committed 83696K, reserved 1122304K
  class space    used 10648K, capacity 11364K, committed 11468K, reserved 1048576K
}
Event: 11.723 GC heap before
{Heap before GC invocations=33 (full 0):
 garbage-first heap   total 139264K, used 108888K [0x0000000080000000, 0x0000000100000000)
  region size 1024K, 34 young (34816K), 3 survivors (3072K)
 Metaspace       used 84024K, capacity 85999K, committed 86256K, reserved 1124352K
  class space    used 10988K, capacity 11722K, committed 11724K, reserved 1048576K
}
Event: 11.728 GC heap after
{Heap after GC invocations=34 (full 0):
 garbage-first heap   total 139264K, used 79912K [0x0000000080000000, 0x0000000100000000)
  region size 1024K, 5 young (5120K), 5 survivors (5120K)
 Metaspace       used 84024K, capacity 85999K, committed 86256K, reserved 1124352K
  class space    used 10988K, capacity 11722K, committed 11724K, reserved 1048576K
}
Event: 12.018 GC heap before
{Heap before GC invocations=34 (full 0):
 garbage-first heap   total 139264K, used 110632K [0x0000000080000000, 0x0000000100000000)
  region size 1024K, 35 young (35840K), 5 survivors (5120K)
 Metaspace       used 85124K, capacity 87552K, committed 87792K, reserved 1124352K
  class space    used 11248K, capacity 12184K, committed 12236K, reserved 1048576K
}
Event: 12.047 GC heap after
{Heap after GC invocations=35 (full 0):
 garbage-first heap   total 139264K, used 83970K [0x0000000080000000, 0x0000000100000000)
  region size 1024K, 5 young (5120K), 5 survivors (5120K)
 Metaspace       used 85124K, capacity 87552K, committed 87792K, reserved 1124352K
  class space    used 11248K, capacity 12184K, committed 12236K, reserved 1048576K
}
Event: 12.229 GC heap before
{Heap before GC invocations=36 (full 0):
 garbage-first heap   total 139264K, used 111618K [0x0000000080000000, 0x0000000100000000)
  region size 1024K, 33 young (33792K), 5 survivors (5120K)
 Metaspace       used 85233K, capacity 87625K, committed 87792K, reserved 1124352K
  class space    used 11248K, capacity 12184K, committed 12236K, reserved 1048576K
}
Event: 12.233 GC heap after
{Heap after GC invocations=37 (full 0):
 garbage-first heap   total 139264K, used 85809K [0x0000000080000000, 0x0000000100000000)
  region size 1024K, 4 young (4096K), 4 survivors (4096K)
 Metaspace       used 85233K, capacity 87625K, committed 87792K, reserved 1124352K
  class space    used 11248K, capacity 12184K, committed 12236K, reserved 1048576K
}
Event: 12.440 GC heap before
{Heap before GC invocations=37 (full 0):
 garbage-first heap   total 139264K, used 112433K [0x0000000080000000, 0x0000000100000000)
  region size 1024K, 31 young (31744K), 4 survivors (4096K)
 Metaspace       used 85620K, capacity 88017K, committed 88304K, reserved 1126400K
  class space    used 11266K, capacity 12196K, committed 12236K, reserved 1048576K
}
Event: 12.445 GC heap after
{Heap after GC invocations=38 (full 0):
 garbage-first heap   total 191488K, used 87910K [0x0000000080000000, 0x0000000100000000)
  region size 1024K, 4 young (4096K), 4 survivors (4096K)
 Metaspace       used 85620K, capacity 88017K, committed 88304K, reserved 1126400K
  class space    used 11266K, capacity 12196K, committed 12236K, reserved 1048576K
}
Event: 13.274 GC heap before
{Heap before GC invocations=39 (full 0):
 garbage-first heap   total 191488K, used 141158K [0x0000000080000000, 0x0000000100000000)
  region size 1024K, 57 young (58368K), 4 survivors (4096K)
 Metaspace       used 87141K, capacity 89234K, committed 90352K, reserved 1128448K
  class space    used 11268K, capacity 12082K, committed 12492K, reserved 1048576K
}
Event: 13.280 GC heap after
{Heap after GC invocations=40 (full 0):
 garbage-first heap   total 191488K, used 91764K [0x0000000080000000, 0x0000000100000000)
  region size 1024K, 7 young (7168K), 7 survivors (7168K)
 Metaspace       used 87141K, capacity 89234K, committed 90352K, reserved 1128448K
  class space    used 11268K, capacity 12082K, committed 12492K, reserved 1048576K
}
Event: 14.140 GC heap before
{Heap before GC invocations=40 (full 0):
 garbage-first heap   total 191488K, used 147060K [0x0000000080000000, 0x0000000100000000)
  region size 1024K, 61 young (62464K), 7 survivors (7168K)
 Metaspace       used 90948K, capacity 93064K, committed 93936K, reserved 1130496K
  class space    used 11762K, capacity 12608K, committed 13004K, reserved 1048576K
}
Event: 14.151 GC heap after
{Heap after GC invocations=41 (full 0):
 garbage-first heap   total 191488K, used 93520K [0x0000000080000000, 0x0000000100000000)
  region size 1024K, 3 young (3072K), 3 survivors (3072K)
 Metaspace       used 90948K, capacity 93064K, committed 93936K, reserved 1130496K
  class space    used 11762K, capacity 12608K, committed 13004K, reserved 1048576K
}
Event: 15.220 GC heap before
{Heap before GC invocations=41 (full 0):
 garbage-first heap   total 191488K, used 147792K [0x0000000080000000, 0x0000000100000000)
  region size 1024K, 57 young (58368K), 3 survivors (3072K)
 Metaspace       used 91593K, capacity 93773K, committed 94704K, reserved 1130496K
  class space    used 11826K, capacity 12661K, committed 13004K, reserved 1048576K
}
Event: 15.303 GC heap after
{Heap after GC invocations=42 (full 0):
 garbage-first heap   total 191488K, used 98025K [0x0000000080000000, 0x0000000100000000)
  region size 1024K, 7 young (7168K), 7 survivors (7168K)
 Metaspace       used 91593K, capacity 93773K, committed 94704K, reserved 1130496K
  class space    used 11826K, capacity 12661K, committed 13004K, reserved 1048576K
}
Event: 22.389 GC heap before
{Heap before GC invocations=43 (full 0):
 garbage-first heap   total 191488K, used 151273K [0x0000000080000000, 0x0000000100000000)
  region size 1024K, 60 young (61440K), 7 survivors (7168K)
 Metaspace       used 92975K, capacity 95185K, committed 95856K, reserved 1132544K
  class space    used 11975K, capacity 12797K, committed 13132K, reserved 1048576K
}
Event: 22.442 GC heap after
{Heap after GC invocations=44 (full 0):
 garbage-first heap   total 300032K, used 104388K [0x0000000080000000, 0x0000000100000000)
  region size 1024K, 8 young (8192K), 8 survivors (8192K)
 Metaspace       used 92975K, capacity 95185K, committed 95856K, reserved 1132544K
  class space    used 11975K, capacity 12797K, committed 13132K, reserved 1048576K
}
Event: 25.139 GC heap before
{Heap before GC invocations=44 (full 0):
 garbage-first heap   total 300032K, used 197572K [0x0000000080000000, 0x0000000100000000)
  region size 1024K, 100 young (102400K), 8 survivors (8192K)
 Metaspace       used 96898K, capacity 99109K, committed 99568K, reserved 1136640K
  class space    used 12447K, capacity 13305K, committed 13516K, reserved 1048576K
}
Event: 25.149 GC heap after
{Heap after GC invocations=45 (full 0):
 garbage-first heap   total 300032K, used 109758K [0x0000000080000000, 0x0000000100000000)
  region size 1024K, 8 young (8192K), 8 survivors (8192K)
 Metaspace       used 96898K, capacity 99109K, committed 99568K, reserved 1136640K
  class space    used 12447K, capacity 13305K, committed 13516K, reserved 1048576K
}

